[2015-01-28 12:45:20] production.ERROR: exception 'PDOException' with message 'SQLSTATE[42S02]: Base table or view not found: 1146 Table 'jma_tatu.noticia' doesn't exist' in C:\xampp\htdocs\jma\vendor\laravel\framework\src\Illuminate\Database\Connection.php:285
Stack trace:
#0 C:\xampp\htdocs\jma\vendor\laravel\framework\src\Illuminate\Database\Connection.php(285): PDO->prepare('select * from `...')
#1 C:\xampp\htdocs\jma\vendor\laravel\framework\src\Illuminate\Database\Connection.php(592): Illuminate\Database\Connection->Illuminate\Database\{closure}(Object(Illuminate\Database\MySqlConnection), 'select * from `...', Array)
#2 C:\xampp\htdocs\jma\vendor\laravel\framework\src\Illuminate\Database\Connection.php(556): Illuminate\Database\Connection->runQueryCallback('select * from `...', Array, Object(Closure))
#3 C:\xampp\htdocs\jma\vendor\laravel\framework\src\Illuminate\Database\Connection.php(290): Illuminate\Database\Connection->run('select * from `...', Array, Object(Closure))
#4 C:\xampp\htdocs\jma\vendor\laravel\framework\src\Illuminate\Database\Query\Builder.php(1359): Illuminate\Database\Connection->select('select * from `...', Array)
#5 C:\xampp\htdocs\jma\vendor\laravel\framework\src\Illuminate\Database\Query\Builder.php(1349): Illuminate\Database\Query\Builder->runSelect()
#6 C:\xampp\htdocs\jma\vendor\laravel\framework\src\Illuminate\Database\Query\Builder.php(1336): Illuminate\Database\Query\Builder->getFresh(Array)
#7 C:\xampp\htdocs\jma\vendor\laravel\framework\src\Illuminate\Database\Eloquent\Builder.php(415): Illuminate\Database\Query\Builder->get(Array)
#8 C:\xampp\htdocs\jma\vendor\laravel\framework\src\Illuminate\Database\Eloquent\Builder.php(151): Illuminate\Database\Eloquent\Builder->getModels(Array)
#9 C:\xampp\htdocs\jma\bootstrap\compiled.php(6485): Illuminate\Database\Eloquent\Builder->get(Array)
#10 C:\xampp\htdocs\jma\app\controllers\NoticiaController.php(13): Illuminate\Database\Eloquent\Model::all()
#11 [internal function]: NoticiaController->vistaListado()
#12 C:\xampp\htdocs\jma\vendor\laravel\framework\src\Illuminate\Routing\Controller.php(231): call_user_func_array(Array, Array)
#13 C:\xampp\htdocs\jma\bootstrap\compiled.php(5789): Illuminate\Routing\Controller->callAction('vistaListado', Array)
#14 C:\xampp\htdocs\jma\bootstrap\compiled.php(5777): Illuminate\Routing\ControllerDispatcher->call(Object(NoticiaController), Object(Illuminate\Routing\Route), 'vistaListado')
#15 C:\xampp\htdocs\jma\bootstrap\compiled.php(4976): Illuminate\Routing\ControllerDispatcher->dispatch(Object(Illuminate\Routing\Route), Object(Illuminate\Http\Request), 'NoticiaControll...', 'vistaListado')
#16 [internal function]: Illuminate\Routing\Router->Illuminate\Routing\{closure}()
#17 C:\xampp\htdocs\jma\bootstrap\compiled.php(5335): call_user_func_array(Object(Closure), Array)
#18 C:\xampp\htdocs\jma\bootstrap\compiled.php(5001): Illuminate\Routing\Route->run(Object(Illuminate\Http\Request))
#19 C:\xampp\htdocs\jma\bootstrap\compiled.php(4989): Illuminate\Routing\Router->dispatchToRoute(Object(Illuminate\Http\Request))
#20 C:\xampp\htdocs\jma\bootstrap\compiled.php(717): Illuminate\Routing\Router->dispatch(Object(Illuminate\Http\Request))
#21 C:\xampp\htdocs\jma\bootstrap\compiled.php(698): Illuminate\Foundation\Application->dispatch(Object(Illuminate\Http\Request))
#22 C:\xampp\htdocs\jma\bootstrap\compiled.php(7711): Illuminate\Foundation\Application->handle(Object(Illuminate\Http\Request), 1, true)
#23 C:\xampp\htdocs\jma\bootstrap\compiled.php(8314): Illuminate\Session\Middleware->handle(Object(Illuminate\Http\Request), 1, true)
#24 C:\xampp\htdocs\jma\bootstrap\compiled.php(8261): Illuminate\Cookie\Queue->handle(Object(Illuminate\Http\Request), 1, true)
#25 C:\xampp\htdocs\jma\bootstrap\compiled.php(10900): Illuminate\Cookie\Guard->handle(Object(Illuminate\Http\Request), 1, true)
#26 C:\xampp\htdocs\jma\bootstrap\compiled.php(659): Stack\StackedHttpKernel->handle(Object(Illuminate\Http\Request))
#27 C:\xampp\htdocs\jma\public\index.php(49): Illuminate\Foundation\Application->run()
#28 {main}

Next exception 'Illuminate\Database\QueryException' with message 'SQLSTATE[42S02]: Base table or view not found: 1146 Table 'jma_tatu.noticia' doesn't exist (SQL: select * from `noticia`)' in C:\xampp\htdocs\jma\vendor\laravel\framework\src\Illuminate\Database\Connection.php:600
Stack trace:
#0 C:\xampp\htdocs\jma\vendor\laravel\framework\src\Illuminate\Database\Connection.php(556): Illuminate\Database\Connection->runQueryCallback('select * from `...', Array, Object(Closure))
#1 C:\xampp\htdocs\jma\vendor\laravel\framework\src\Illuminate\Database\Connection.php(290): Illuminate\Database\Connection->run('select * from `...', Array, Object(Closure))
#2 C:\xampp\htdocs\jma\vendor\laravel\framework\src\Illuminate\Database\Query\Builder.php(1359): Illuminate\Database\Connection->select('select * from `...', Array)
#3 C:\xampp\htdocs\jma\vendor\laravel\framework\src\Illuminate\Database\Query\Builder.php(1349): Illuminate\Database\Query\Builder->runSelect()
#4 C:\xampp\htdocs\jma\vendor\laravel\framework\src\Illuminate\Database\Query\Builder.php(1336): Illuminate\Database\Query\Builder->getFresh(Array)
#5 C:\xampp\htdocs\jma\vendor\laravel\framework\src\Illuminate\Database\Eloquent\Builder.php(415): Illuminate\Database\Query\Builder->get(Array)
#6 C:\xampp\htdocs\jma\vendor\laravel\framework\src\Illuminate\Database\Eloquent\Builder.php(151): Illuminate\Database\Eloquent\Builder->getModels(Array)
#7 C:\xampp\htdocs\jma\bootstrap\compiled.php(6485): Illuminate\Database\Eloquent\Builder->get(Array)
#8 C:\xampp\htdocs\jma\app\controllers\NoticiaController.php(13): Illuminate\Database\Eloquent\Model::all()
#9 [internal function]: NoticiaController->vistaListado()
#10 C:\xampp\htdocs\jma\vendor\laravel\framework\src\Illuminate\Routing\Controller.php(231): call_user_func_array(Array, Array)
#11 C:\xampp\htdocs\jma\bootstrap\compiled.php(5789): Illuminate\Routing\Controller->callAction('vistaListado', Array)
#12 C:\xampp\htdocs\jma\bootstrap\compiled.php(5777): Illuminate\Routing\ControllerDispatcher->call(Object(NoticiaController), Object(Illuminate\Routing\Route), 'vistaListado')
#13 C:\xampp\htdocs\jma\bootstrap\compiled.php(4976): Illuminate\Routing\ControllerDispatcher->dispatch(Object(Illuminate\Routing\Route), Object(Illuminate\Http\Request), 'NoticiaControll...', 'vistaListado')
#14 [internal function]: Illuminate\Routing\Router->Illuminate\Routing\{closure}()
#15 C:\xampp\htdocs\jma\bootstrap\compiled.php(5335): call_user_func_array(Object(Closure), Array)
#16 C:\xampp\htdocs\jma\bootstrap\compiled.php(5001): Illuminate\Routing\Route->run(Object(Illuminate\Http\Request))
#17 C:\xampp\htdocs\jma\bootstrap\compiled.php(4989): Illuminate\Routing\Router->dispatchToRoute(Object(Illuminate\Http\Request))
#18 C:\xampp\htdocs\jma\bootstrap\compiled.php(717): Illuminate\Routing\Router->dispatch(Object(Illuminate\Http\Request))
#19 C:\xampp\htdocs\jma\bootstrap\compiled.php(698): Illuminate\Foundation\Application->dispatch(Object(Illuminate\Http\Request))
#20 C:\xampp\htdocs\jma\bootstrap\compiled.php(7711): Illuminate\Foundation\Application->handle(Object(Illuminate\Http\Request), 1, true)
#21 C:\xampp\htdocs\jma\bootstrap\compiled.php(8314): Illuminate\Session\Middleware->handle(Object(Illuminate\Http\Request), 1, true)
#22 C:\xampp\htdocs\jma\bootstrap\compiled.php(8261): Illuminate\Cookie\Queue->handle(Object(Illuminate\Http\Request), 1, true)
#23 C:\xampp\htdocs\jma\bootstrap\compiled.php(10900): Illuminate\Cookie\Guard->handle(Object(Illuminate\Http\Request), 1, true)
#24 C:\xampp\htdocs\jma\bootstrap\compiled.php(659): Stack\StackedHttpKernel->handle(Object(Illuminate\Http\Request))
#25 C:\xampp\htdocs\jma\public\index.php(49): Illuminate\Foundation\Application->run()
#26 {main} [] []
[2015-01-28 12:46:42] production.ERROR: exception 'ErrorException' with message 'Undefined variable: noticia' in C:\xampp\htdocs\jma\app\controllers\NoticiaController.php:18
Stack trace:
#0 C:\xampp\htdocs\jma\app\controllers\NoticiaController.php(18): Illuminate\Exception\Handler->handleError(8, 'Undefined varia...', 'C:\\xampp\\htdocs...', 18, Array)
#1 [internal function]: NoticiaController->vistaListado()
#2 C:\xampp\htdocs\jma\vendor\laravel\framework\src\Illuminate\Routing\Controller.php(231): call_user_func_array(Array, Array)
#3 C:\xampp\htdocs\jma\bootstrap\compiled.php(5789): Illuminate\Routing\Controller->callAction('vistaListado', Array)
#4 C:\xampp\htdocs\jma\bootstrap\compiled.php(5777): Illuminate\Routing\ControllerDispatcher->call(Object(NoticiaController), Object(Illuminate\Routing\Route), 'vistaListado')
#5 C:\xampp\htdocs\jma\bootstrap\compiled.php(4976): Illuminate\Routing\ControllerDispatcher->dispatch(Object(Illuminate\Routing\Route), Object(Illuminate\Http\Request), 'NoticiaControll...', 'vistaListado')
#6 [internal function]: Illuminate\Routing\Router->Illuminate\Routing\{closure}()
#7 C:\xampp\htdocs\jma\bootstrap\compiled.php(5335): call_user_func_array(Object(Closure), Array)
#8 C:\xampp\htdocs\jma\bootstrap\compiled.php(5001): Illuminate\Routing\Route->run(Object(Illuminate\Http\Request))
#9 C:\xampp\htdocs\jma\bootstrap\compiled.php(4989): Illuminate\Routing\Router->dispatchToRoute(Object(Illuminate\Http\Request))
#10 C:\xampp\htdocs\jma\bootstrap\compiled.php(717): Illuminate\Routing\Router->dispatch(Object(Illuminate\Http\Request))
#11 C:\xampp\htdocs\jma\bootstrap\compiled.php(698): Illuminate\Foundation\Application->dispatch(Object(Illuminate\Http\Request))
#12 C:\xampp\htdocs\jma\bootstrap\compiled.php(7711): Illuminate\Foundation\Application->handle(Object(Illuminate\Http\Request), 1, true)
#13 C:\xampp\htdocs\jma\bootstrap\compiled.php(8314): Illuminate\Session\Middleware->handle(Object(Illuminate\Http\Request), 1, true)
#14 C:\xampp\htdocs\jma\bootstrap\compiled.php(8261): Illuminate\Cookie\Queue->handle(Object(Illuminate\Http\Request), 1, true)
#15 C:\xampp\htdocs\jma\bootstrap\compiled.php(10900): Illuminate\Cookie\Guard->handle(Object(Illuminate\Http\Request), 1, true)
#16 C:\xampp\htdocs\jma\bootstrap\compiled.php(659): Stack\StackedHttpKernel->handle(Object(Illuminate\Http\Request))
#17 C:\xampp\htdocs\jma\public\index.php(49): Illuminate\Foundation\Application->run()
#18 {main} [] []
[2015-01-28 12:53:12] production.ERROR: exception 'LogicException' with message 'Unable to guess the mime type as no guessers are available (Did you enable the php_fileinfo extension?)' in C:\xampp\htdocs\jma\vendor\symfony\http-foundation\Symfony\Component\HttpFoundation\File\MimeType\MimeTypeGuesser.php:123
Stack trace:
#0 C:\xampp\htdocs\jma\vendor\symfony\http-foundation\Symfony\Component\HttpFoundation\File\File.php(87): Symfony\Component\HttpFoundation\File\MimeType\MimeTypeGuesser->guess('C:\\xampp\\tmp\\ph...')
#1 C:\xampp\htdocs\jma\vendor\symfony\http-foundation\Symfony\Component\HttpFoundation\File\File.php(64): Symfony\Component\HttpFoundation\File\File->getMimeType()
#2 C:\xampp\htdocs\jma\vendor\laravel\framework\src\Illuminate\Validation\Validator.php(1158): Symfony\Component\HttpFoundation\File\File->guessExtension()
#3 C:\xampp\htdocs\jma\vendor\laravel\framework\src\Illuminate\Validation\Validator.php(312): Illuminate\Validation\Validator->validateMimes('imagen', Object(Symfony\Component\HttpFoundation\File\UploadedFile), Array, Object(Illuminate\Validation\Validator))
#4 C:\xampp\htdocs\jma\vendor\laravel\framework\src\Illuminate\Validation\Validator.php(273): Illuminate\Validation\Validator->validate('imagen', 'mimes:jpeg,png,...')
#5 C:\xampp\htdocs\jma\vendor\laravel\framework\src\Illuminate\Validation\Validator.php(287): Illuminate\Validation\Validator->passes()
#6 C:\xampp\htdocs\jma\app\models\Imagen.php(30): Illuminate\Validation\Validator->fails()
#7 C:\xampp\htdocs\jma\app\models\Item.php(116): Imagen::agregarImagen(Object(Symfony\Component\HttpFoundation\File\UploadedFile), '')
#8 C:\xampp\htdocs\jma\app\models\Texto.php(24): Item::agregarItem(Array)
#9 C:\xampp\htdocs\jma\app\models\Noticia.php(17): Texto::agregar(Array)
#10 C:\xampp\htdocs\jma\app\controllers\NoticiaController.php(48): Noticia::agregar(Array)
#11 [internal function]: NoticiaController->agregar()
#12 C:\xampp\htdocs\jma\vendor\laravel\framework\src\Illuminate\Routing\Controller.php(231): call_user_func_array(Array, Array)
#13 C:\xampp\htdocs\jma\bootstrap\compiled.php(5789): Illuminate\Routing\Controller->callAction('agregar', Array)
#14 C:\xampp\htdocs\jma\bootstrap\compiled.php(5777): Illuminate\Routing\ControllerDispatcher->call(Object(NoticiaController), Object(Illuminate\Routing\Route), 'agregar')
#15 C:\xampp\htdocs\jma\bootstrap\compiled.php(4976): Illuminate\Routing\ControllerDispatcher->dispatch(Object(Illuminate\Routing\Route), Object(Illuminate\Http\Request), 'NoticiaControll...', 'agregar')
#16 [internal function]: Illuminate\Routing\Router->Illuminate\Routing\{closure}()
#17 C:\xampp\htdocs\jma\bootstrap\compiled.php(5335): call_user_func_array(Object(Closure), Array)
#18 C:\xampp\htdocs\jma\bootstrap\compiled.php(5001): Illuminate\Routing\Route->run(Object(Illuminate\Http\Request))
#19 C:\xampp\htdocs\jma\bootstrap\compiled.php(4989): Illuminate\Routing\Router->dispatchToRoute(Object(Illuminate\Http\Request))
#20 C:\xampp\htdocs\jma\bootstrap\compiled.php(717): Illuminate\Routing\Router->dispatch(Object(Illuminate\Http\Request))
#21 C:\xampp\htdocs\jma\bootstrap\compiled.php(698): Illuminate\Foundation\Application->dispatch(Object(Illuminate\Http\Request))
#22 C:\xampp\htdocs\jma\bootstrap\compiled.php(7711): Illuminate\Foundation\Application->handle(Object(Illuminate\Http\Request), 1, true)
#23 C:\xampp\htdocs\jma\bootstrap\compiled.php(8314): Illuminate\Session\Middleware->handle(Object(Illuminate\Http\Request), 1, true)
#24 C:\xampp\htdocs\jma\bootstrap\compiled.php(8261): Illuminate\Cookie\Queue->handle(Object(Illuminate\Http\Request), 1, true)
#25 C:\xampp\htdocs\jma\bootstrap\compiled.php(10900): Illuminate\Cookie\Guard->handle(Object(Illuminate\Http\Request), 1, true)
#26 C:\xampp\htdocs\jma\bootstrap\compiled.php(659): Stack\StackedHttpKernel->handle(Object(Illuminate\Http\Request))
#27 C:\xampp\htdocs\jma\public\index.php(49): Illuminate\Foundation\Application->run()
#28 {main} [] []
[2015-01-28 12:54:33] production.ERROR: exception 'ErrorException' with message 'Undefined index: data' in C:\xampp\htdocs\jma\app\models\Texto.php:33
Stack trace:
#0 C:\xampp\htdocs\jma\app\models\Texto.php(33): Illuminate\Exception\Handler->handleError(8, 'Undefined index...', 'C:\\xampp\\htdocs...', 33, Array)
#1 C:\xampp\htdocs\jma\app\models\Noticia.php(17): Texto::agregar(Array)
#2 C:\xampp\htdocs\jma\app\controllers\NoticiaController.php(48): Noticia::agregar(Array)
#3 [internal function]: NoticiaController->agregar()
#4 C:\xampp\htdocs\jma\vendor\laravel\framework\src\Illuminate\Routing\Controller.php(231): call_user_func_array(Array, Array)
#5 C:\xampp\htdocs\jma\bootstrap\compiled.php(5789): Illuminate\Routing\Controller->callAction('agregar', Array)
#6 C:\xampp\htdocs\jma\bootstrap\compiled.php(5777): Illuminate\Routing\ControllerDispatcher->call(Object(NoticiaController), Object(Illuminate\Routing\Route), 'agregar')
#7 C:\xampp\htdocs\jma\bootstrap\compiled.php(4976): Illuminate\Routing\ControllerDispatcher->dispatch(Object(Illuminate\Routing\Route), Object(Illuminate\Http\Request), 'NoticiaControll...', 'agregar')
#8 [internal function]: Illuminate\Routing\Router->Illuminate\Routing\{closure}()
#9 C:\xampp\htdocs\jma\bootstrap\compiled.php(5335): call_user_func_array(Object(Closure), Array)
#10 C:\xampp\htdocs\jma\bootstrap\compiled.php(5001): Illuminate\Routing\Route->run(Object(Illuminate\Http\Request))
#11 C:\xampp\htdocs\jma\bootstrap\compiled.php(4989): Illuminate\Routing\Router->dispatchToRoute(Object(Illuminate\Http\Request))
#12 C:\xampp\htdocs\jma\bootstrap\compiled.php(717): Illuminate\Routing\Router->dispatch(Object(Illuminate\Http\Request))
#13 C:\xampp\htdocs\jma\bootstrap\compiled.php(698): Illuminate\Foundation\Application->dispatch(Object(Illuminate\Http\Request))
#14 C:\xampp\htdocs\jma\bootstrap\compiled.php(7711): Illuminate\Foundation\Application->handle(Object(Illuminate\Http\Request), 1, true)
#15 C:\xampp\htdocs\jma\bootstrap\compiled.php(8314): Illuminate\Session\Middleware->handle(Object(Illuminate\Http\Request), 1, true)
#16 C:\xampp\htdocs\jma\bootstrap\compiled.php(8261): Illuminate\Cookie\Queue->handle(Object(Illuminate\Http\Request), 1, true)
#17 C:\xampp\htdocs\jma\bootstrap\compiled.php(10900): Illuminate\Cookie\Guard->handle(Object(Illuminate\Http\Request), 1, true)
#18 C:\xampp\htdocs\jma\bootstrap\compiled.php(659): Stack\StackedHttpKernel->handle(Object(Illuminate\Http\Request))
#19 C:\xampp\htdocs\jma\public\index.php(49): Illuminate\Foundation\Application->run()
#20 {main} [] []
[2015-01-29 12:59:44] production.ERROR: exception 'ErrorException' with message 'Trying to get property of non-object' in C:\xampp\htdocs\jma\app\storage\views\da81c622af3d210f0991530d4871e3f4:94
Stack trace:
#0 C:\xampp\htdocs\jma\app\storage\views\da81c622af3d210f0991530d4871e3f4(94): Illuminate\Exception\Handler->handleError(8, 'Trying to get p...', 'C:\\xampp\\htdocs...', 94, Array)
#1 C:\xampp\htdocs\jma\bootstrap\compiled.php(9745): include('C:\\xampp\\htdocs...')
#2 C:\xampp\htdocs\jma\vendor\laravel\framework\src\Illuminate\View\Engines\CompilerEngine.php(56): Illuminate\View\Engines\PhpEngine->evaluatePath('C:\\xampp\\htdocs...', Array)
#3 C:\xampp\htdocs\jma\bootstrap\compiled.php(9624): Illuminate\View\Engines\CompilerEngine->get('C:\\xampp\\htdocs...', Array)
#4 C:\xampp\htdocs\jma\bootstrap\compiled.php(9611): Illuminate\View\View->getContents()
#5 C:\xampp\htdocs\jma\bootstrap\compiled.php(9602): Illuminate\View\View->renderContents()
#6 C:\xampp\htdocs\jma\app\storage\views\959ecd37088189a94d65ae9bd34bf4e5(52): Illuminate\View\View->render()
#7 C:\xampp\htdocs\jma\bootstrap\compiled.php(9745): include('C:\\xampp\\htdocs...')
#8 C:\xampp\htdocs\jma\vendor\laravel\framework\src\Illuminate\View\Engines\CompilerEngine.php(56): Illuminate\View\Engines\PhpEngine->evaluatePath('C:\\xampp\\htdocs...', Array)
#9 C:\xampp\htdocs\jma\bootstrap\compiled.php(9624): Illuminate\View\Engines\CompilerEngine->get('C:\\xampp\\htdocs...', Array)
#10 C:\xampp\htdocs\jma\bootstrap\compiled.php(9611): Illuminate\View\View->getContents()
#11 C:\xampp\htdocs\jma\bootstrap\compiled.php(9602): Illuminate\View\View->renderContents()
#12 C:\xampp\htdocs\jma\bootstrap\compiled.php(10300): Illuminate\View\View->render()
#13 C:\xampp\htdocs\jma\bootstrap\compiled.php(9831): Illuminate\Http\Response->setContent(Object(Illuminate\View\View))
#14 C:\xampp\htdocs\jma\bootstrap\compiled.php(5195): Symfony\Component\HttpFoundation\Response->__construct(Object(Illuminate\View\View))
#15 C:\xampp\htdocs\jma\bootstrap\compiled.php(5003): Illuminate\Routing\Router->prepareResponse(Object(Illuminate\Http\Request), Object(Illuminate\View\View))
#16 C:\xampp\htdocs\jma\bootstrap\compiled.php(4989): Illuminate\Routing\Router->dispatchToRoute(Object(Illuminate\Http\Request))
#17 C:\xampp\htdocs\jma\bootstrap\compiled.php(717): Illuminate\Routing\Router->dispatch(Object(Illuminate\Http\Request))
#18 C:\xampp\htdocs\jma\bootstrap\compiled.php(698): Illuminate\Foundation\Application->dispatch(Object(Illuminate\Http\Request))
#19 C:\xampp\htdocs\jma\bootstrap\compiled.php(7711): Illuminate\Foundation\Application->handle(Object(Illuminate\Http\Request), 1, true)
#20 C:\xampp\htdocs\jma\bootstrap\compiled.php(8314): Illuminate\Session\Middleware->handle(Object(Illuminate\Http\Request), 1, true)
#21 C:\xampp\htdocs\jma\bootstrap\compiled.php(8261): Illuminate\Cookie\Queue->handle(Object(Illuminate\Http\Request), 1, true)
#22 C:\xampp\htdocs\jma\bootstrap\compiled.php(10900): Illuminate\Cookie\Guard->handle(Object(Illuminate\Http\Request), 1, true)
#23 C:\xampp\htdocs\jma\bootstrap\compiled.php(659): Stack\StackedHttpKernel->handle(Object(Illuminate\Http\Request))
#24 C:\xampp\htdocs\jma\public\index.php(49): Illuminate\Foundation\Application->run()
#25 {main}

Next exception 'ErrorException' with message 'Trying to get property of non-object (View: C:\xampp\htdocs\jma\app\views\seccion\jma-ver-seccion.blade.php)' in C:\xampp\htdocs\jma\app\storage\views\da81c622af3d210f0991530d4871e3f4:94
Stack trace:
#0 C:\xampp\htdocs\jma\bootstrap\compiled.php(9747): Illuminate\View\Engines\CompilerEngine->handleViewException(Object(ErrorException))
#1 C:\xampp\htdocs\jma\vendor\laravel\framework\src\Illuminate\View\Engines\CompilerEngine.php(56): Illuminate\View\Engines\PhpEngine->evaluatePath('C:\\xampp\\htdocs...', Array)
#2 C:\xampp\htdocs\jma\bootstrap\compiled.php(9624): Illuminate\View\Engines\CompilerEngine->get('C:\\xampp\\htdocs...', Array)
#3 C:\xampp\htdocs\jma\bootstrap\compiled.php(9611): Illuminate\View\View->getContents()
#4 C:\xampp\htdocs\jma\bootstrap\compiled.php(9602): Illuminate\View\View->renderContents()
#5 C:\xampp\htdocs\jma\app\storage\views\959ecd37088189a94d65ae9bd34bf4e5(52): Illuminate\View\View->render()
#6 C:\xampp\htdocs\jma\bootstrap\compiled.php(9745): include('C:\\xampp\\htdocs...')
#7 C:\xampp\htdocs\jma\vendor\laravel\framework\src\Illuminate\View\Engines\CompilerEngine.php(56): Illuminate\View\Engines\PhpEngine->evaluatePath('C:\\xampp\\htdocs...', Array)
#8 C:\xampp\htdocs\jma\bootstrap\compiled.php(9624): Illuminate\View\Engines\CompilerEngine->get('C:\\xampp\\htdocs...', Array)
#9 C:\xampp\htdocs\jma\bootstrap\compiled.php(9611): Illuminate\View\View->getContents()
#10 C:\xampp\htdocs\jma\bootstrap\compiled.php(9602): Illuminate\View\View->renderContents()
#11 C:\xampp\htdocs\jma\bootstrap\compiled.php(10300): Illuminate\View\View->render()
#12 C:\xampp\htdocs\jma\bootstrap\compiled.php(9831): Illuminate\Http\Response->setContent(Object(Illuminate\View\View))
#13 C:\xampp\htdocs\jma\bootstrap\compiled.php(5195): Symfony\Component\HttpFoundation\Response->__construct(Object(Illuminate\View\View))
#14 C:\xampp\htdocs\jma\bootstrap\compiled.php(5003): Illuminate\Routing\Router->prepareResponse(Object(Illuminate\Http\Request), Object(Illuminate\View\View))
#15 C:\xampp\htdocs\jma\bootstrap\compiled.php(4989): Illuminate\Routing\Router->dispatchToRoute(Object(Illuminate\Http\Request))
#16 C:\xampp\htdocs\jma\bootstrap\compiled.php(717): Illuminate\Routing\Router->dispatch(Object(Illuminate\Http\Request))
#17 C:\xampp\htdocs\jma\bootstrap\compiled.php(698): Illuminate\Foundation\Application->dispatch(Object(Illuminate\Http\Request))
#18 C:\xampp\htdocs\jma\bootstrap\compiled.php(7711): Illuminate\Foundation\Application->handle(Object(Illuminate\Http\Request), 1, true)
#19 C:\xampp\htdocs\jma\bootstrap\compiled.php(8314): Illuminate\Session\Middleware->handle(Object(Illuminate\Http\Request), 1, true)
#20 C:\xampp\htdocs\jma\bootstrap\compiled.php(8261): Illuminate\Cookie\Queue->handle(Object(Illuminate\Http\Request), 1, true)
#21 C:\xampp\htdocs\jma\bootstrap\compiled.php(10900): Illuminate\Cookie\Guard->handle(Object(Illuminate\Http\Request), 1, true)
#22 C:\xampp\htdocs\jma\bootstrap\compiled.php(659): Stack\StackedHttpKernel->handle(Object(Illuminate\Http\Request))
#23 C:\xampp\htdocs\jma\public\index.php(49): Illuminate\Foundation\Application->run()
#24 {main}

Next exception 'ErrorException' with message 'Trying to get property of non-object (View: C:\xampp\htdocs\jma\app\views\seccion\jma-ver-seccion.blade.php) (View: C:\xampp\htdocs\jma\app\views\seccion\jma-ver-seccion.blade.php)' in C:\xampp\htdocs\jma\app\storage\views\da81c622af3d210f0991530d4871e3f4:94
Stack trace:
#0 C:\xampp\htdocs\jma\bootstrap\compiled.php(9747): Illuminate\View\Engines\CompilerEngine->handleViewException(Object(ErrorException))
#1 C:\xampp\htdocs\jma\vendor\laravel\framework\src\Illuminate\View\Engines\CompilerEngine.php(56): Illuminate\View\Engines\PhpEngine->evaluatePath('C:\\xampp\\htdocs...', Array)
#2 C:\xampp\htdocs\jma\bootstrap\compiled.php(9624): Illuminate\View\Engines\CompilerEngine->get('C:\\xampp\\htdocs...', Array)
#3 C:\xampp\htdocs\jma\bootstrap\compiled.php(9611): Illuminate\View\View->getContents()
#4 C:\xampp\htdocs\jma\bootstrap\compiled.php(9602): Illuminate\View\View->renderContents()
#5 C:\xampp\htdocs\jma\bootstrap\compiled.php(10300): Illuminate\View\View->render()
#6 C:\xampp\htdocs\jma\bootstrap\compiled.php(9831): Illuminate\Http\Response->setContent(Object(Illuminate\View\View))
#7 C:\xampp\htdocs\jma\bootstrap\compiled.php(5195): Symfony\Component\HttpFoundation\Response->__construct(Object(Illuminate\View\View))
#8 C:\xampp\htdocs\jma\bootstrap\compiled.php(5003): Illuminate\Routing\Router->prepareResponse(Object(Illuminate\Http\Request), Object(Illuminate\View\View))
#9 C:\xampp\htdocs\jma\bootstrap\compiled.php(4989): Illuminate\Routing\Router->dispatchToRoute(Object(Illuminate\Http\Request))
#10 C:\xampp\htdocs\jma\bootstrap\compiled.php(717): Illuminate\Routing\Router->dispatch(Object(Illuminate\Http\Request))
#11 C:\xampp\htdocs\jma\bootstrap\compiled.php(698): Illuminate\Foundation\Application->dispatch(Object(Illuminate\Http\Request))
#12 C:\xampp\htdocs\jma\bootstrap\compiled.php(7711): Illuminate\Foundation\Application->handle(Object(Illuminate\Http\Request), 1, true)
#13 C:\xampp\htdocs\jma\bootstrap\compiled.php(8314): Illuminate\Session\Middleware->handle(Object(Illuminate\Http\Request), 1, true)
#14 C:\xampp\htdocs\jma\bootstrap\compiled.php(8261): Illuminate\Cookie\Queue->handle(Object(Illuminate\Http\Request), 1, true)
#15 C:\xampp\htdocs\jma\bootstrap\compiled.php(10900): Illuminate\Cookie\Guard->handle(Object(Illuminate\Http\Request), 1, true)
#16 C:\xampp\htdocs\jma\bootstrap\compiled.php(659): Stack\StackedHttpKernel->handle(Object(Illuminate\Http\Request))
#17 C:\xampp\htdocs\jma\public\index.php(49): Illuminate\Foundation\Application->run()
#18 {main} [] []
[2015-01-29 13:02:09] production.ERROR: exception 'ErrorException' with message 'Trying to get property of non-object' in C:\xampp\htdocs\jma\app\storage\views\da81c622af3d210f0991530d4871e3f4:94
Stack trace:
#0 C:\xampp\htdocs\jma\app\storage\views\da81c622af3d210f0991530d4871e3f4(94): Illuminate\Exception\Handler->handleError(8, 'Trying to get p...', 'C:\\xampp\\htdocs...', 94, Array)
#1 C:\xampp\htdocs\jma\bootstrap\compiled.php(9745): include('C:\\xampp\\htdocs...')
#2 C:\xampp\htdocs\jma\vendor\laravel\framework\src\Illuminate\View\Engines\CompilerEngine.php(56): Illuminate\View\Engines\PhpEngine->evaluatePath('C:\\xampp\\htdocs...', Array)
#3 C:\xampp\htdocs\jma\bootstrap\compiled.php(9624): Illuminate\View\Engines\CompilerEngine->get('C:\\xampp\\htdocs...', Array)
#4 C:\xampp\htdocs\jma\bootstrap\compiled.php(9611): Illuminate\View\View->getContents()
#5 C:\xampp\htdocs\jma\bootstrap\compiled.php(9602): Illuminate\View\View->renderContents()
#6 C:\xampp\htdocs\jma\app\storage\views\959ecd37088189a94d65ae9bd34bf4e5(52): Illuminate\View\View->render()
#7 C:\xampp\htdocs\jma\bootstrap\compiled.php(9745): include('C:\\xampp\\htdocs...')
#8 C:\xampp\htdocs\jma\vendor\laravel\framework\src\Illuminate\View\Engines\CompilerEngine.php(56): Illuminate\View\Engines\PhpEngine->evaluatePath('C:\\xampp\\htdocs...', Array)
#9 C:\xampp\htdocs\jma\bootstrap\compiled.php(9624): Illuminate\View\Engines\CompilerEngine->get('C:\\xampp\\htdocs...', Array)
#10 C:\xampp\htdocs\jma\bootstrap\compiled.php(9611): Illuminate\View\View->getContents()
#11 C:\xampp\htdocs\jma\bootstrap\compiled.php(9602): Illuminate\View\View->renderContents()
#12 C:\xampp\htdocs\jma\bootstrap\compiled.php(10300): Illuminate\View\View->render()
#13 C:\xampp\htdocs\jma\bootstrap\compiled.php(9831): Illuminate\Http\Response->setContent(Object(Illuminate\View\View))
#14 C:\xampp\htdocs\jma\bootstrap\compiled.php(5195): Symfony\Component\HttpFoundation\Response->__construct(Object(Illuminate\View\View))
#15 C:\xampp\htdocs\jma\bootstrap\compiled.php(5003): Illuminate\Routing\Router->prepareResponse(Object(Illuminate\Http\Request), Object(Illuminate\View\View))
#16 C:\xampp\htdocs\jma\bootstrap\compiled.php(4989): Illuminate\Routing\Router->dispatchToRoute(Object(Illuminate\Http\Request))
#17 C:\xampp\htdocs\jma\bootstrap\compiled.php(717): Illuminate\Routing\Router->dispatch(Object(Illuminate\Http\Request))
#18 C:\xampp\htdocs\jma\bootstrap\compiled.php(698): Illuminate\Foundation\Application->dispatch(Object(Illuminate\Http\Request))
#19 C:\xampp\htdocs\jma\bootstrap\compiled.php(7711): Illuminate\Foundation\Application->handle(Object(Illuminate\Http\Request), 1, true)
#20 C:\xampp\htdocs\jma\bootstrap\compiled.php(8314): Illuminate\Session\Middleware->handle(Object(Illuminate\Http\Request), 1, true)
#21 C:\xampp\htdocs\jma\bootstrap\compiled.php(8261): Illuminate\Cookie\Queue->handle(Object(Illuminate\Http\Request), 1, true)
#22 C:\xampp\htdocs\jma\bootstrap\compiled.php(10900): Illuminate\Cookie\Guard->handle(Object(Illuminate\Http\Request), 1, true)
#23 C:\xampp\htdocs\jma\bootstrap\compiled.php(659): Stack\StackedHttpKernel->handle(Object(Illuminate\Http\Request))
#24 C:\xampp\htdocs\jma\public\index.php(49): Illuminate\Foundation\Application->run()
#25 {main}

Next exception 'ErrorException' with message 'Trying to get property of non-object (View: C:\xampp\htdocs\jma\app\views\seccion\jma-ver-seccion.blade.php)' in C:\xampp\htdocs\jma\app\storage\views\da81c622af3d210f0991530d4871e3f4:94
Stack trace:
#0 C:\xampp\htdocs\jma\bootstrap\compiled.php(9747): Illuminate\View\Engines\CompilerEngine->handleViewException(Object(ErrorException))
#1 C:\xampp\htdocs\jma\vendor\laravel\framework\src\Illuminate\View\Engines\CompilerEngine.php(56): Illuminate\View\Engines\PhpEngine->evaluatePath('C:\\xampp\\htdocs...', Array)
#2 C:\xampp\htdocs\jma\bootstrap\compiled.php(9624): Illuminate\View\Engines\CompilerEngine->get('C:\\xampp\\htdocs...', Array)
#3 C:\xampp\htdocs\jma\bootstrap\compiled.php(9611): Illuminate\View\View->getContents()
#4 C:\xampp\htdocs\jma\bootstrap\compiled.php(9602): Illuminate\View\View->renderContents()
#5 C:\xampp\htdocs\jma\app\storage\views\959ecd37088189a94d65ae9bd34bf4e5(52): Illuminate\View\View->render()
#6 C:\xampp\htdocs\jma\bootstrap\compiled.php(9745): include('C:\\xampp\\htdocs...')
#7 C:\xampp\htdocs\jma\vendor\laravel\framework\src\Illuminate\View\Engines\CompilerEngine.php(56): Illuminate\View\Engines\PhpEngine->evaluatePath('C:\\xampp\\htdocs...', Array)
#8 C:\xampp\htdocs\jma\bootstrap\compiled.php(9624): Illuminate\View\Engines\CompilerEngine->get('C:\\xampp\\htdocs...', Array)
#9 C:\xampp\htdocs\jma\bootstrap\compiled.php(9611): Illuminate\View\View->getContents()
#10 C:\xampp\htdocs\jma\bootstrap\compiled.php(9602): Illuminate\View\View->renderContents()
#11 C:\xampp\htdocs\jma\bootstrap\compiled.php(10300): Illuminate\View\View->render()
#12 C:\xampp\htdocs\jma\bootstrap\compiled.php(9831): Illuminate\Http\Response->setContent(Object(Illuminate\View\View))
#13 C:\xampp\htdocs\jma\bootstrap\compiled.php(5195): Symfony\Component\HttpFoundation\Response->__construct(Object(Illuminate\View\View))
#14 C:\xampp\htdocs\jma\bootstrap\compiled.php(5003): Illuminate\Routing\Router->prepareResponse(Object(Illuminate\Http\Request), Object(Illuminate\View\View))
#15 C:\xampp\htdocs\jma\bootstrap\compiled.php(4989): Illuminate\Routing\Router->dispatchToRoute(Object(Illuminate\Http\Request))
#16 C:\xampp\htdocs\jma\bootstrap\compiled.php(717): Illuminate\Routing\Router->dispatch(Object(Illuminate\Http\Request))
#17 C:\xampp\htdocs\jma\bootstrap\compiled.php(698): Illuminate\Foundation\Application->dispatch(Object(Illuminate\Http\Request))
#18 C:\xampp\htdocs\jma\bootstrap\compiled.php(7711): Illuminate\Foundation\Application->handle(Object(Illuminate\Http\Request), 1, true)
#19 C:\xampp\htdocs\jma\bootstrap\compiled.php(8314): Illuminate\Session\Middleware->handle(Object(Illuminate\Http\Request), 1, true)
#20 C:\xampp\htdocs\jma\bootstrap\compiled.php(8261): Illuminate\Cookie\Queue->handle(Object(Illuminate\Http\Request), 1, true)
#21 C:\xampp\htdocs\jma\bootstrap\compiled.php(10900): Illuminate\Cookie\Guard->handle(Object(Illuminate\Http\Request), 1, true)
#22 C:\xampp\htdocs\jma\bootstrap\compiled.php(659): Stack\StackedHttpKernel->handle(Object(Illuminate\Http\Request))
#23 C:\xampp\htdocs\jma\public\index.php(49): Illuminate\Foundation\Application->run()
#24 {main}

Next exception 'ErrorException' with message 'Trying to get property of non-object (View: C:\xampp\htdocs\jma\app\views\seccion\jma-ver-seccion.blade.php) (View: C:\xampp\htdocs\jma\app\views\seccion\jma-ver-seccion.blade.php)' in C:\xampp\htdocs\jma\app\storage\views\da81c622af3d210f0991530d4871e3f4:94
Stack trace:
#0 C:\xampp\htdocs\jma\bootstrap\compiled.php(9747): Illuminate\View\Engines\CompilerEngine->handleViewException(Object(ErrorException))
#1 C:\xampp\htdocs\jma\vendor\laravel\framework\src\Illuminate\View\Engines\CompilerEngine.php(56): Illuminate\View\Engines\PhpEngine->evaluatePath('C:\\xampp\\htdocs...', Array)
#2 C:\xampp\htdocs\jma\bootstrap\compiled.php(9624): Illuminate\View\Engines\CompilerEngine->get('C:\\xampp\\htdocs...', Array)
#3 C:\xampp\htdocs\jma\bootstrap\compiled.php(9611): Illuminate\View\View->getContents()
#4 C:\xampp\htdocs\jma\bootstrap\compiled.php(9602): Illuminate\View\View->renderContents()
#5 C:\xampp\htdocs\jma\bootstrap\compiled.php(10300): Illuminate\View\View->render()
#6 C:\xampp\htdocs\jma\bootstrap\compiled.php(9831): Illuminate\Http\Response->setContent(Object(Illuminate\View\View))
#7 C:\xampp\htdocs\jma\bootstrap\compiled.php(5195): Symfony\Component\HttpFoundation\Response->__construct(Object(Illuminate\View\View))
#8 C:\xampp\htdocs\jma\bootstrap\compiled.php(5003): Illuminate\Routing\Router->prepareResponse(Object(Illuminate\Http\Request), Object(Illuminate\View\View))
#9 C:\xampp\htdocs\jma\bootstrap\compiled.php(4989): Illuminate\Routing\Router->dispatchToRoute(Object(Illuminate\Http\Request))
#10 C:\xampp\htdocs\jma\bootstrap\compiled.php(717): Illuminate\Routing\Router->dispatch(Object(Illuminate\Http\Request))
#11 C:\xampp\htdocs\jma\bootstrap\compiled.php(698): Illuminate\Foundation\Application->dispatch(Object(Illuminate\Http\Request))
#12 C:\xampp\htdocs\jma\bootstrap\compiled.php(7711): Illuminate\Foundation\Application->handle(Object(Illuminate\Http\Request), 1, true)
#13 C:\xampp\htdocs\jma\bootstrap\compiled.php(8314): Illuminate\Session\Middleware->handle(Object(Illuminate\Http\Request), 1, true)
#14 C:\xampp\htdocs\jma\bootstrap\compiled.php(8261): Illuminate\Cookie\Queue->handle(Object(Illuminate\Http\Request), 1, true)
#15 C:\xampp\htdocs\jma\bootstrap\compiled.php(10900): Illuminate\Cookie\Guard->handle(Object(Illuminate\Http\Request), 1, true)
#16 C:\xampp\htdocs\jma\bootstrap\compiled.php(659): Stack\StackedHttpKernel->handle(Object(Illuminate\Http\Request))
#17 C:\xampp\htdocs\jma\public\index.php(49): Illuminate\Foundation\Application->run()
#18 {main} [] []
[2015-01-29 13:32:40] production.ERROR: exception 'ErrorException' with message 'Trying to get property of non-object' in C:\xampp\htdocs\jma\app\storage\views\bf5fea658ec009e8403be937a5d22ef8:28
Stack trace:
#0 C:\xampp\htdocs\jma\app\storage\views\bf5fea658ec009e8403be937a5d22ef8(28): Illuminate\Exception\Handler->handleError(8, 'Trying to get p...', 'C:\\xampp\\htdocs...', 28, Array)
#1 C:\xampp\htdocs\jma\bootstrap\compiled.php(9745): include('C:\\xampp\\htdocs...')
#2 C:\xampp\htdocs\jma\vendor\laravel\framework\src\Illuminate\View\Engines\CompilerEngine.php(56): Illuminate\View\Engines\PhpEngine->evaluatePath('C:\\xampp\\htdocs...', Array)
#3 C:\xampp\htdocs\jma\bootstrap\compiled.php(9624): Illuminate\View\Engines\CompilerEngine->get('C:\\xampp\\htdocs...', Array)
#4 C:\xampp\htdocs\jma\bootstrap\compiled.php(9611): Illuminate\View\View->getContents()
#5 C:\xampp\htdocs\jma\bootstrap\compiled.php(9602): Illuminate\View\View->renderContents()
#6 C:\xampp\htdocs\jma\bootstrap\compiled.php(10300): Illuminate\View\View->render()
#7 C:\xampp\htdocs\jma\bootstrap\compiled.php(9831): Illuminate\Http\Response->setContent(Object(Illuminate\View\View))
#8 C:\xampp\htdocs\jma\bootstrap\compiled.php(5195): Symfony\Component\HttpFoundation\Response->__construct(Object(Illuminate\View\View))
#9 C:\xampp\htdocs\jma\bootstrap\compiled.php(5003): Illuminate\Routing\Router->prepareResponse(Object(Illuminate\Http\Request), Object(Illuminate\View\View))
#10 C:\xampp\htdocs\jma\bootstrap\compiled.php(4989): Illuminate\Routing\Router->dispatchToRoute(Object(Illuminate\Http\Request))
#11 C:\xampp\htdocs\jma\bootstrap\compiled.php(717): Illuminate\Routing\Router->dispatch(Object(Illuminate\Http\Request))
#12 C:\xampp\htdocs\jma\bootstrap\compiled.php(698): Illuminate\Foundation\Application->dispatch(Object(Illuminate\Http\Request))
#13 C:\xampp\htdocs\jma\bootstrap\compiled.php(7711): Illuminate\Foundation\Application->handle(Object(Illuminate\Http\Request), 1, true)
#14 C:\xampp\htdocs\jma\bootstrap\compiled.php(8314): Illuminate\Session\Middleware->handle(Object(Illuminate\Http\Request), 1, true)
#15 C:\xampp\htdocs\jma\bootstrap\compiled.php(8261): Illuminate\Cookie\Queue->handle(Object(Illuminate\Http\Request), 1, true)
#16 C:\xampp\htdocs\jma\bootstrap\compiled.php(10900): Illuminate\Cookie\Guard->handle(Object(Illuminate\Http\Request), 1, true)
#17 C:\xampp\htdocs\jma\bootstrap\compiled.php(659): Stack\StackedHttpKernel->handle(Object(Illuminate\Http\Request))
#18 C:\xampp\htdocs\jma\public\index.php(49): Illuminate\Foundation\Application->run()
#19 {main}

Next exception 'ErrorException' with message 'Trying to get property of non-object (View: C:\xampp\htdocs\jma\app\views\noticia\jma-ver.blade.php)' in C:\xampp\htdocs\jma\app\storage\views\bf5fea658ec009e8403be937a5d22ef8:28
Stack trace:
#0 C:\xampp\htdocs\jma\bootstrap\compiled.php(9747): Illuminate\View\Engines\CompilerEngine->handleViewException(Object(ErrorException))
#1 C:\xampp\htdocs\jma\vendor\laravel\framework\src\Illuminate\View\Engines\CompilerEngine.php(56): Illuminate\View\Engines\PhpEngine->evaluatePath('C:\\xampp\\htdocs...', Array)
#2 C:\xampp\htdocs\jma\bootstrap\compiled.php(9624): Illuminate\View\Engines\CompilerEngine->get('C:\\xampp\\htdocs...', Array)
#3 C:\xampp\htdocs\jma\bootstrap\compiled.php(9611): Illuminate\View\View->getContents()
#4 C:\xampp\htdocs\jma\bootstrap\compiled.php(9602): Illuminate\View\View->renderContents()
#5 C:\xampp\htdocs\jma\bootstrap\compiled.php(10300): Illuminate\View\View->render()
#6 C:\xampp\htdocs\jma\bootstrap\compiled.php(9831): Illuminate\Http\Response->setContent(Object(Illuminate\View\View))
#7 C:\xampp\htdocs\jma\bootstrap\compiled.php(5195): Symfony\Component\HttpFoundation\Response->__construct(Object(Illuminate\View\View))
#8 C:\xampp\htdocs\jma\bootstrap\compiled.php(5003): Illuminate\Routing\Router->prepareResponse(Object(Illuminate\Http\Request), Object(Illuminate\View\View))
#9 C:\xampp\htdocs\jma\bootstrap\compiled.php(4989): Illuminate\Routing\Router->dispatchToRoute(Object(Illuminate\Http\Request))
#10 C:\xampp\htdocs\jma\bootstrap\compiled.php(717): Illuminate\Routing\Router->dispatch(Object(Illuminate\Http\Request))
#11 C:\xampp\htdocs\jma\bootstrap\compiled.php(698): Illuminate\Foundation\Application->dispatch(Object(Illuminate\Http\Request))
#12 C:\xampp\htdocs\jma\bootstrap\compiled.php(7711): Illuminate\Foundation\Application->handle(Object(Illuminate\Http\Request), 1, true)
#13 C:\xampp\htdocs\jma\bootstrap\compiled.php(8314): Illuminate\Session\Middleware->handle(Object(Illuminate\Http\Request), 1, true)
#14 C:\xampp\htdocs\jma\bootstrap\compiled.php(8261): Illuminate\Cookie\Queue->handle(Object(Illuminate\Http\Request), 1, true)
#15 C:\xampp\htdocs\jma\bootstrap\compiled.php(10900): Illuminate\Cookie\Guard->handle(Object(Illuminate\Http\Request), 1, true)
#16 C:\xampp\htdocs\jma\bootstrap\compiled.php(659): Stack\StackedHttpKernel->handle(Object(Illuminate\Http\Request))
#17 C:\xampp\htdocs\jma\public\index.php(49): Illuminate\Foundation\Application->run()
#18 {main} [] []
[2015-01-29 13:41:08] production.ERROR: exception 'ErrorException' with message 'Undefined variable: marcas_principales' in C:\xampp\htdocs\jma\app\storage\views\4c67cfa18460d237b2ffe297a5cf8e5d:94
Stack trace:
#0 C:\xampp\htdocs\jma\app\storage\views\4c67cfa18460d237b2ffe297a5cf8e5d(94): Illuminate\Exception\Handler->handleError(8, 'Undefined varia...', 'C:\\xampp\\htdocs...', 94, Array)
#1 C:\xampp\htdocs\jma\bootstrap\compiled.php(9745): include('C:\\xampp\\htdocs...')
#2 C:\xampp\htdocs\jma\vendor\laravel\framework\src\Illuminate\View\Engines\CompilerEngine.php(56): Illuminate\View\Engines\PhpEngine->evaluatePath('C:\\xampp\\htdocs...', Array)
#3 C:\xampp\htdocs\jma\bootstrap\compiled.php(9624): Illuminate\View\Engines\CompilerEngine->get('C:\\xampp\\htdocs...', Array)
#4 C:\xampp\htdocs\jma\bootstrap\compiled.php(9611): Illuminate\View\View->getContents()
#5 C:\xampp\htdocs\jma\bootstrap\compiled.php(9602): Illuminate\View\View->renderContents()
#6 C:\xampp\htdocs\jma\bootstrap\compiled.php(10300): Illuminate\View\View->render()
#7 C:\xampp\htdocs\jma\bootstrap\compiled.php(9831): Illuminate\Http\Response->setContent(Object(Illuminate\View\View))
#8 C:\xampp\htdocs\jma\bootstrap\compiled.php(5195): Symfony\Component\HttpFoundation\Response->__construct(Object(Illuminate\View\View))
#9 C:\xampp\htdocs\jma\bootstrap\compiled.php(5003): Illuminate\Routing\Router->prepareResponse(Object(Illuminate\Http\Request), Object(Illuminate\View\View))
#10 C:\xampp\htdocs\jma\bootstrap\compiled.php(4989): Illuminate\Routing\Router->dispatchToRoute(Object(Illuminate\Http\Request))
#11 C:\xampp\htdocs\jma\bootstrap\compiled.php(717): Illuminate\Routing\Router->dispatch(Object(Illuminate\Http\Request))
#12 C:\xampp\htdocs\jma\bootstrap\compiled.php(698): Illuminate\Foundation\Application->dispatch(Object(Illuminate\Http\Request))
#13 C:\xampp\htdocs\jma\bootstrap\compiled.php(7711): Illuminate\Foundation\Application->handle(Object(Illuminate\Http\Request), 1, true)
#14 C:\xampp\htdocs\jma\bootstrap\compiled.php(8314): Illuminate\Session\Middleware->handle(Object(Illuminate\Http\Request), 1, true)
#15 C:\xampp\htdocs\jma\bootstrap\compiled.php(8261): Illuminate\Cookie\Queue->handle(Object(Illuminate\Http\Request), 1, true)
#16 C:\xampp\htdocs\jma\bootstrap\compiled.php(10900): Illuminate\Cookie\Guard->handle(Object(Illuminate\Http\Request), 1, true)
#17 C:\xampp\htdocs\jma\bootstrap\compiled.php(659): Stack\StackedHttpKernel->handle(Object(Illuminate\Http\Request))
#18 C:\xampp\htdocs\jma\public\index.php(49): Illuminate\Foundation\Application->run()
#19 {main}

Next exception 'ErrorException' with message 'Undefined variable: marcas_principales (View: C:\xampp\htdocs\jma\app\views\noticia\editar.blade.php)' in C:\xampp\htdocs\jma\app\storage\views\4c67cfa18460d237b2ffe297a5cf8e5d:94
Stack trace:
#0 C:\xampp\htdocs\jma\bootstrap\compiled.php(9747): Illuminate\View\Engines\CompilerEngine->handleViewException(Object(ErrorException))
#1 C:\xampp\htdocs\jma\vendor\laravel\framework\src\Illuminate\View\Engines\CompilerEngine.php(56): Illuminate\View\Engines\PhpEngine->evaluatePath('C:\\xampp\\htdocs...', Array)
#2 C:\xampp\htdocs\jma\bootstrap\compiled.php(9624): Illuminate\View\Engines\CompilerEngine->get('C:\\xampp\\htdocs...', Array)
#3 C:\xampp\htdocs\jma\bootstrap\compiled.php(9611): Illuminate\View\View->getContents()
#4 C:\xampp\htdocs\jma\bootstrap\compiled.php(9602): Illuminate\View\View->renderContents()
#5 C:\xampp\htdocs\jma\bootstrap\compiled.php(10300): Illuminate\View\View->render()
#6 C:\xampp\htdocs\jma\bootstrap\compiled.php(9831): Illuminate\Http\Response->setContent(Object(Illuminate\View\View))
#7 C:\xampp\htdocs\jma\bootstrap\compiled.php(5195): Symfony\Component\HttpFoundation\Response->__construct(Object(Illuminate\View\View))
#8 C:\xampp\htdocs\jma\bootstrap\compiled.php(5003): Illuminate\Routing\Router->prepareResponse(Object(Illuminate\Http\Request), Object(Illuminate\View\View))
#9 C:\xampp\htdocs\jma\bootstrap\compiled.php(4989): Illuminate\Routing\Router->dispatchToRoute(Object(Illuminate\Http\Request))
#10 C:\xampp\htdocs\jma\bootstrap\compiled.php(717): Illuminate\Routing\Router->dispatch(Object(Illuminate\Http\Request))
#11 C:\xampp\htdocs\jma\bootstrap\compiled.php(698): Illuminate\Foundation\Application->dispatch(Object(Illuminate\Http\Request))
#12 C:\xampp\htdocs\jma\bootstrap\compiled.php(7711): Illuminate\Foundation\Application->handle(Object(Illuminate\Http\Request), 1, true)
#13 C:\xampp\htdocs\jma\bootstrap\compiled.php(8314): Illuminate\Session\Middleware->handle(Object(Illuminate\Http\Request), 1, true)
#14 C:\xampp\htdocs\jma\bootstrap\compiled.php(8261): Illuminate\Cookie\Queue->handle(Object(Illuminate\Http\Request), 1, true)
#15 C:\xampp\htdocs\jma\bootstrap\compiled.php(10900): Illuminate\Cookie\Guard->handle(Object(Illuminate\Http\Request), 1, true)
#16 C:\xampp\htdocs\jma\bootstrap\compiled.php(659): Stack\StackedHttpKernel->handle(Object(Illuminate\Http\Request))
#17 C:\xampp\htdocs\jma\public\index.php(49): Illuminate\Foundation\Application->run()
#18 {main} [] []
[2015-01-29 13:46:44] production.ERROR: exception 'ErrorException' with message 'Undefined index: texto_id' in C:\xampp\htdocs\jma\app\models\Texto.php:60
Stack trace:
#0 C:\xampp\htdocs\jma\app\models\Texto.php(60): Illuminate\Exception\Handler->handleError(8, 'Undefined index...', 'C:\\xampp\\htdocs...', 60, Array)
#1 C:\xampp\htdocs\jma\app\models\Noticia.php(69): Texto::editar(Array)
#2 C:\xampp\htdocs\jma\app\controllers\NoticiaController.php(94): Noticia::editar(Array)
#3 [internal function]: NoticiaController->editar()
#4 C:\xampp\htdocs\jma\vendor\laravel\framework\src\Illuminate\Routing\Controller.php(231): call_user_func_array(Array, Array)
#5 C:\xampp\htdocs\jma\bootstrap\compiled.php(5789): Illuminate\Routing\Controller->callAction('editar', Array)
#6 C:\xampp\htdocs\jma\bootstrap\compiled.php(5777): Illuminate\Routing\ControllerDispatcher->call(Object(NoticiaController), Object(Illuminate\Routing\Route), 'editar')
#7 C:\xampp\htdocs\jma\bootstrap\compiled.php(4976): Illuminate\Routing\ControllerDispatcher->dispatch(Object(Illuminate\Routing\Route), Object(Illuminate\Http\Request), 'NoticiaControll...', 'editar')
#8 [internal function]: Illuminate\Routing\Router->Illuminate\Routing\{closure}()
#9 C:\xampp\htdocs\jma\bootstrap\compiled.php(5335): call_user_func_array(Object(Closure), Array)
#10 C:\xampp\htdocs\jma\bootstrap\compiled.php(5001): Illuminate\Routing\Route->run(Object(Illuminate\Http\Request))
#11 C:\xampp\htdocs\jma\bootstrap\compiled.php(4989): Illuminate\Routing\Router->dispatchToRoute(Object(Illuminate\Http\Request))
#12 C:\xampp\htdocs\jma\bootstrap\compiled.php(717): Illuminate\Routing\Router->dispatch(Object(Illuminate\Http\Request))
#13 C:\xampp\htdocs\jma\bootstrap\compiled.php(698): Illuminate\Foundation\Application->dispatch(Object(Illuminate\Http\Request))
#14 C:\xampp\htdocs\jma\bootstrap\compiled.php(7711): Illuminate\Foundation\Application->handle(Object(Illuminate\Http\Request), 1, true)
#15 C:\xampp\htdocs\jma\bootstrap\compiled.php(8314): Illuminate\Session\Middleware->handle(Object(Illuminate\Http\Request), 1, true)
#16 C:\xampp\htdocs\jma\bootstrap\compiled.php(8261): Illuminate\Cookie\Queue->handle(Object(Illuminate\Http\Request), 1, true)
#17 C:\xampp\htdocs\jma\bootstrap\compiled.php(10900): Illuminate\Cookie\Guard->handle(Object(Illuminate\Http\Request), 1, true)
#18 C:\xampp\htdocs\jma\bootstrap\compiled.php(659): Stack\StackedHttpKernel->handle(Object(Illuminate\Http\Request))
#19 C:\xampp\htdocs\jma\public\index.php(49): Illuminate\Foundation\Application->run()
#20 {main} [] []
[2015-01-29 13:49:50] production.ERROR: exception 'ErrorException' with message 'file_put_contents(C:\xampp\htdocs\jma\app\storage/sessions/f75869b2aaf6dda31b2b5521c42e4e1d97c8f219): failed to open stream: Invalid argument' in C:\xampp\htdocs\jma\bootstrap\compiled.php:4158
Stack trace:
#0 [internal function]: Illuminate\Exception\Handler->handleError(2, 'file_put_conten...', 'C:\\xampp\\htdocs...', 4158, Array)
#1 C:\xampp\htdocs\jma\bootstrap\compiled.php(4158): file_put_contents('C:\\xampp\\htdocs...', 'a:6:{s:6:"_toke...')
#2 C:\xampp\htdocs\jma\vendor\laravel\framework\src\Illuminate\Session\FileSessionHandler.php(71): Illuminate\Filesystem\Filesystem->put('C:\\xampp\\htdocs...', 'a:6:{s:6:"_toke...')
#3 C:\xampp\htdocs\jma\bootstrap\compiled.php(7878): Illuminate\Session\FileSessionHandler->write('f75869b2aaf6dda...', 'a:6:{s:6:"_toke...')
#4 C:\xampp\htdocs\jma\bootstrap\compiled.php(7735): Illuminate\Session\Store->save()
#5 C:\xampp\htdocs\jma\bootstrap\compiled.php(7713): Illuminate\Session\Middleware->closeSession(Object(Illuminate\Session\Store))
#6 C:\xampp\htdocs\jma\bootstrap\compiled.php(8314): Illuminate\Session\Middleware->handle(Object(Illuminate\Http\Request), 1, true)
#7 C:\xampp\htdocs\jma\bootstrap\compiled.php(8261): Illuminate\Cookie\Queue->handle(Object(Illuminate\Http\Request), 1, true)
#8 C:\xampp\htdocs\jma\bootstrap\compiled.php(10900): Illuminate\Cookie\Guard->handle(Object(Illuminate\Http\Request), 1, true)
#9 C:\xampp\htdocs\jma\bootstrap\compiled.php(659): Stack\StackedHttpKernel->handle(Object(Illuminate\Http\Request))
#10 C:\xampp\htdocs\jma\public\index.php(49): Illuminate\Foundation\Application->run()
#11 {main} [] []
